2025-10-06 15:20:00,939 - utils.logger - INFO - Logging initialized. Log file: C:\Users\zmcmillan\projects\LabelTracker\dist\logs\app_20251006_152000.log
2025-10-06 15:20:00,940 - utils.logger - INFO - Starting Label Tracker Application...
2025-10-06 15:20:00,952 - utils.logger - INFO - Database manager initialized
2025-10-06 15:20:00,953 - utils.logger - INFO - XLSX manager initialized
2025-10-06 15:20:00,969 - GUI.app - INFO - AppController initialized with backend managers
2025-10-06 15:20:01,332 - GUI.app - INFO - Login window displayed
2025-10-06 15:20:01,332 - utils.logger - INFO - Application controller started
2025-10-06 15:20:01,332 - GUI.app - INFO - Starting application event loop
2025-10-06 15:20:06,131 - GUI.app - INFO - User admin (ID: 1) logged in as admin
2025-10-06 15:20:06,137 - GUI.admin_window - INFO - Admin window initialized for user: admin
2025-10-06 15:20:06,207 - GUI.admin_window - INFO - Company tree refreshed
2025-10-06 15:20:06,209 - GUI.admin_window - INFO - Dropdowns refreshed
2025-10-06 15:20:06,210 - GUI.admin_window - INFO - Loaded 2 users
2025-10-06 15:20:06,246 - GUI.admin_window - INFO - Initial data loaded successfully
2025-10-06 15:20:06,267 - GUI.app - INFO - Admin window displayed for admin
2025-10-06 15:20:12,344 - GUI.admin_window - INFO - Loaded 3 orders
2025-10-06 15:20:16,426 - GUI.app - INFO - Login window displayed
2025-10-06 15:20:29,864 - GUI.app - INFO - User test (ID: 2) logged in as user
2025-10-06 15:20:29,870 - GUI.standard_user_window - INFO - User window initialized for: test
2025-10-06 15:20:29,925 - GUI.app - INFO - User window displayed for test
