2025-10-17 13:43:02,825 - utils.logger - INFO - Logging initialized. Log file: C:\Users\zmcmillan\projects\LabelTracker\logs\app_20251017_134302.log
2025-10-17 13:43:02,825 - utils.logger - INFO - Starting Label Tracker Application...
2025-10-17 13:43:02,836 - utils.logger - INFO - Database manager initialized
2025-10-17 13:43:02,836 - utils.logger - INFO - XLSX manager initialized
2025-10-17 13:43:02,851 - GUI.app - INFO - AppController initialized with backend managers
2025-10-17 13:43:03,204 - GUI.app - INFO - Login window displayed
2025-10-17 13:43:03,204 - utils.logger - INFO - Application controller started
2025-10-17 13:43:03,205 - GUI.app - INFO - Starting application event loop
2025-10-17 13:43:06,479 - GUI.app - INFO - User admin (ID: 1) logged in as admin
2025-10-17 13:43:06,484 - GUI.admin_window - INFO - Admin window initialized for user: admin
2025-10-17 13:43:06,558 - GUI.admin_window - INFO - Company tree refreshed
2025-10-17 13:43:06,561 - GUI.admin_window - INFO - Dropdowns refreshed
2025-10-17 13:43:06,563 - GUI.admin_window - INFO - Loaded 2 users
2025-10-17 13:43:06,588 - GUI.admin_window - INFO - Initial data loaded successfully
2025-10-17 13:43:06,610 - GUI.app - INFO - Admin window displayed for admin
2025-10-17 13:43:10,995 - GUI.admin_window - INFO - Order 1234.1 stats: Active - Pass:9, Fail:1, Pending:0, Total:10
2025-10-17 13:43:12,346 - GUI.admin_window - INFO - Order 123451 stats: Pending - Pass:0, Fail:0, Pending:10, Total:10
2025-10-17 13:43:14,050 - GUI.admin_window - INFO - Order 1234.1 stats: Active - Pass:9, Fail:1, Pending:0, Total:10
2025-10-17 13:43:15,322 - GUI.admin_window - INFO - Order 123451 stats: Pending - Pass:0, Fail:0, Pending:10, Total:10
2025-10-17 13:45:37,436 - GUI.app - INFO - Login window displayed
2025-10-17 13:45:43,294 - GUI.app - INFO - User test (ID: 2) logged in as user
2025-10-17 13:45:43,299 - GUI.standard_user_window - INFO - User window initialized for: test
2025-10-17 13:45:43,353 - GUI.app - INFO - User window displayed for test
2025-10-17 13:45:47,931 - GUI.standard_user_window - INFO - Loaded 10 serial numbers from XLSX
2025-10-17 13:45:47,934 - GUI.standard_user_window - INFO - Order 123451 loaded successfully
2025-10-17 13:45:54,114 - GUI.standard_user_window - ERROR - Failed to update XLSX file: [WinError 5] Access is denied: 'P:\\Label Tracking\\Quantronix\\15304RX\\lt_tmp_4z29llrh.xlsx' -> 'P:/Label Tracking/Quantronix/15304RX\\123451.xlsx'
Traceback (most recent call last):
  File "C:\Users\zmcmillan\projects\LabelTracker\GUI\standard_user_window.py", line 1020, in update_xlsx_file
    os.replace(tmp_path, self.current_order_file)
    ~~~~~~~~~~^^^^^^^^^^^^^^^^^^^^^^^^^^^^^^^^^^^
PermissionError: [WinError 5] Access is denied: 'P:\\Label Tracking\\Quantronix\\15304RX\\lt_tmp_4z29llrh.xlsx' -> 'P:/Label Tracking/Quantronix/15304RX\\123451.xlsx'
2025-10-17 13:46:02,720 - GUI.standard_user_window - ERROR - Failed to update XLSX for serial QTX13504-123451-00001: [WinError 5] Access is denied: 'P:\\Label Tracking\\Quantronix\\15304RX\\lt_tmp_4z29llrh.xlsx' -> 'P:/Label Tracking/Quantronix/15304RX\\123451.xlsx'
Traceback (most recent call last):
  File "C:\Users\zmcmillan\projects\LabelTracker\GUI\standard_user_window.py", line 920, in submit_sn
    self.update_xlsx_file(
    ~~~~~~~~~~~~~~~~~~~~~^
        self.current_serial,
        ^^^^^^^^^^^^^^^^^^^^
    ...<3 lines>...
        fix_explanation
        ^^^^^^^^^^^^^^^
    )
    ^
  File "C:\Users\zmcmillan\projects\LabelTracker\GUI\standard_user_window.py", line 1020, in update_xlsx_file
    os.replace(tmp_path, self.current_order_file)
    ~~~~~~~~~~^^^^^^^^^^^^^^^^^^^^^^^^^^^^^^^^^^^
PermissionError: [WinError 5] Access is denied: 'P:\\Label Tracking\\Quantronix\\15304RX\\lt_tmp_4z29llrh.xlsx' -> 'P:/Label Tracking/Quantronix/15304RX\\123451.xlsx'
2025-10-17 13:46:13,664 - GUI.standard_user_window - WARNING - Order not found: 12345.1
2025-10-17 13:46:15,761 - GUI.standard_user_window - INFO - Loaded 10 serial numbers from XLSX
2025-10-17 13:46:15,763 - GUI.standard_user_window - INFO - Order 123451 loaded successfully
2025-10-17 13:46:19,306 - GUI.standard_user_window - ERROR - Failed to update XLSX file: [WinError 5] Access is denied: 'P:\\Label Tracking\\Quantronix\\15304RX\\lt_tmp_tml_84d0.xlsx' -> 'P:/Label Tracking/Quantronix/15304RX\\123451.xlsx'
Traceback (most recent call last):
  File "C:\Users\zmcmillan\projects\LabelTracker\GUI\standard_user_window.py", line 1020, in update_xlsx_file
    os.replace(tmp_path, self.current_order_file)
    ~~~~~~~~~~^^^^^^^^^^^^^^^^^^^^^^^^^^^^^^^^^^^
PermissionError: [WinError 5] Access is denied: 'P:\\Label Tracking\\Quantronix\\15304RX\\lt_tmp_tml_84d0.xlsx' -> 'P:/Label Tracking/Quantronix/15304RX\\123451.xlsx'
2025-10-17 13:46:20,648 - GUI.standard_user_window - ERROR - Failed to update XLSX for serial QTX13504-123451-00001: [WinError 5] Access is denied: 'P:\\Label Tracking\\Quantronix\\15304RX\\lt_tmp_tml_84d0.xlsx' -> 'P:/Label Tracking/Quantronix/15304RX\\123451.xlsx'
Traceback (most recent call last):
  File "C:\Users\zmcmillan\projects\LabelTracker\GUI\standard_user_window.py", line 920, in submit_sn
    self.update_xlsx_file(
    ~~~~~~~~~~~~~~~~~~~~~^
        self.current_serial,
        ^^^^^^^^^^^^^^^^^^^^
    ...<3 lines>...
        fix_explanation
        ^^^^^^^^^^^^^^^
    )
    ^
  File "C:\Users\zmcmillan\projects\LabelTracker\GUI\standard_user_window.py", line 1020, in update_xlsx_file
    os.replace(tmp_path, self.current_order_file)
    ~~~~~~~~~~^^^^^^^^^^^^^^^^^^^^^^^^^^^^^^^^^^^
PermissionError: [WinError 5] Access is denied: 'P:\\Label Tracking\\Quantronix\\15304RX\\lt_tmp_tml_84d0.xlsx' -> 'P:/Label Tracking/Quantronix/15304RX\\123451.xlsx'
2025-10-17 13:46:22,349 - GUI.app - INFO - Login window displayed
2025-10-17 13:46:25,975 - GUI.app - INFO - User test (ID: 2) logged in as user
2025-10-17 13:46:25,980 - GUI.standard_user_window - INFO - User window initialized for: test
2025-10-17 13:46:26,016 - GUI.app - INFO - User window displayed for test
2025-10-17 13:46:29,213 - GUI.standard_user_window - INFO - Loaded 10 serial numbers from XLSX
2025-10-17 13:46:29,215 - GUI.standard_user_window - INFO - Order 123451 loaded successfully
2025-10-17 13:46:31,674 - GUI.standard_user_window - INFO - XLSX file updated for SN: QTX13504-123451-00001
