2025-09-29 20:49:08,480 - utils.logger - INFO - Logging initialized. Log file: C:\Users\zmcmillan\projects\LabelTracker\logs\app_20250929_204908.log
2025-09-29 20:49:08,481 - utils.logger - INFO - Starting Label Tracker Application...
2025-09-29 20:49:08,493 - utils.logger - INFO - Database manager initialized
2025-09-29 20:49:08,493 - utils.logger - INFO - XLSX manager initialized
2025-09-29 20:49:08,508 - GUI.app - INFO - AppController initialized with backend managers
2025-09-29 20:49:08,853 - GUI.app - INFO - Login window displayed
2025-09-29 20:49:08,853 - utils.logger - INFO - Application controller started
2025-09-29 20:49:08,853 - GUI.app - INFO - Starting application event loop
2025-09-29 20:49:14,525 - GUI.app - INFO - User test (ID: 2) logged in as user
2025-09-29 20:49:14,531 - GUI.standard_user_window - INFO - User window initialized for: test
2025-09-29 20:49:14,603 - GUI.app - INFO - User window displayed for test
2025-09-29 20:49:20,076 - GUI.standard_user_window - INFO - Loaded 10 serial numbers from XLSX
2025-09-29 20:49:20,079 - GUI.standard_user_window - INFO - Order 4321.1 loaded successfully
2025-09-29 20:49:26,552 - GUI.standard_user_window - INFO - XLSX file updated for SN: QTX-4321.1-00003
2025-09-29 20:49:26,553 - GUI.standard_user_window - INFO - SN QTX-4321.1-00003 submitted: Fail
2025-09-29 20:49:26,576 - GUI.standard_user_window - INFO - Loaded 10 serial numbers from XLSX
2025-09-29 20:49:32,427 - GUI.standard_user_window - INFO - XLSX file updated for SN: QTX-4321.1-00005
2025-09-29 20:49:32,427 - GUI.standard_user_window - INFO - SN QTX-4321.1-00005 submitted: Fail
2025-09-29 20:49:32,442 - GUI.standard_user_window - INFO - Loaded 10 serial numbers from XLSX
2025-09-29 20:49:41,648 - GUI.standard_user_window - INFO - XLSX file updated for SN: QTX-4321.1-00004
2025-09-29 20:49:41,649 - GUI.standard_user_window - INFO - SN QTX-4321.1-00004 submitted: Pass
2025-09-29 20:49:41,664 - GUI.standard_user_window - INFO - Loaded 10 serial numbers from XLSX
