2025-10-08 16:28:50,054 - utils.logger - INFO - Logging initialized. Log file: C:\Users\zmcmillan\projects\LabelTracker\logs\app_20251008_162850.log
2025-10-08 16:28:50,055 - utils.logger - INFO - Starting Label Tracker Application...
2025-10-08 16:28:50,067 - utils.logger - INFO - Database manager initialized
2025-10-08 16:28:50,067 - utils.logger - INFO - XLSX manager initialized
2025-10-08 16:28:50,081 - GUI.app - INFO - AppController initialized with backend managers
2025-10-08 16:28:50,436 - GUI.app - INFO - Login window displayed
2025-10-08 16:28:50,437 - utils.logger - INFO - Application controller started
2025-10-08 16:28:50,437 - GUI.app - INFO - Starting application event loop
2025-10-08 16:28:53,789 - GUI.app - INFO - User admin (ID: 1) logged in as admin
2025-10-08 16:28:53,794 - GUI.admin_window - INFO - Admin window initialized for user: admin
2025-10-08 16:28:53,881 - GUI.admin_window - INFO - Company tree refreshed
2025-10-08 16:28:53,884 - GUI.admin_window - INFO - Dropdowns refreshed
2025-10-08 16:28:53,886 - GUI.admin_window - INFO - Loaded 2 users
2025-10-08 16:28:53,932 - GUI.admin_window - INFO - Initial data loaded successfully
2025-10-08 16:28:53,957 - GUI.app - INFO - Admin window displayed for admin
2025-10-08 16:29:27,412 - GUI.admin_window - INFO - Board: Example Board 1 added with path P:/Label Tracking/Example Crop A
2025-10-08 16:29:30,063 - GUI.admin_window - INFO - Company tree refreshed
2025-10-08 16:29:30,067 - GUI.admin_window - INFO - Dropdowns refreshed
2025-10-08 16:30:29,802 - managers.db_manager - ERROR - Database connection error: database is locked
2025-10-08 16:30:29,822 - managers.db_manager - ERROR - Failed to add order: database is locked
2025-10-08 16:30:29,822 - GUI.admin_window - ERROR - Failed to create order: database is locked
Traceback (most recent call last):
  File "C:\Users\zmcmillan\projects\LabelTracker\GUI\admin_window.py", line 1076, in create_order
    file_path, count = self.xlsx_manager.create_order_file(
                       ~~~~~~~~~~~~~~~~~~~~~~~~~~~~~~~~~~~^
        order_number=order_number,
        ^^^^^^^^^^^^^^^^^^^^^^^^^^
    ...<10 lines>...
        serial_prefix=serial_prefix,
        ^^^^^^^^^^^^^^^^^^^^^^^^^^^^
    )
    ^
  File "C:\Users\zmcmillan\projects\LabelTracker\managers\xlsx_manager.py", line 106, in create_order_file
    self.db.add_order(order_number, company_id, board_id, file_path, created_by)
    ~~~~~~~~~~~~~~~~~^^^^^^^^^^^^^^^^^^^^^^^^^^^^^^^^^^^^^^^^^^^^^^^^^^^^^^^^^^^
  File "C:\Users\zmcmillan\projects\LabelTracker\managers\db_manager.py", line 279, in add_order
    conn.commit()
    ~~~~~~~~~~~^^
sqlite3.OperationalError: database is locked
