2025-10-10 16:40:15,286 - utils.logger - INFO - Logging initialized. Log file: C:\Users\zmcmillan\projects\LabelTracker\logs\app_20251010_164015.log
2025-10-10 16:40:15,286 - utils.logger - INFO - Starting Label Tracker Application...
2025-10-10 16:40:15,300 - utils.logger - INFO - Database manager initialized
2025-10-10 16:40:15,300 - utils.logger - INFO - XLSX manager initialized
2025-10-10 16:40:15,313 - GUI.app - INFO - AppController initialized with backend managers
2025-10-10 16:40:15,673 - GUI.app - INFO - Login window displayed
2025-10-10 16:40:15,673 - utils.logger - INFO - Application controller started
2025-10-10 16:40:15,673 - GUI.app - INFO - Starting application event loop
2025-10-10 16:40:18,318 - GUI.app - INFO - User admin (ID: 1) logged in as admin
2025-10-10 16:40:18,323 - GUI.admin_window - INFO - Admin window initialized for user: admin
2025-10-10 16:40:18,410 - GUI.admin_window - INFO - Company tree refreshed
2025-10-10 16:40:18,413 - GUI.admin_window - INFO - Dropdowns refreshed
2025-10-10 16:40:18,415 - GUI.admin_window - INFO - Loaded 2 users
2025-10-10 16:40:18,499 - GUI.admin_window - INFO - Initial data loaded successfully
2025-10-10 16:40:18,523 - GUI.app - INFO - Admin window displayed for admin
2025-10-10 16:40:30,556 - GUI.admin_window - ERROR - Failed to populate archive table: too many values to unpack (expected 7)
Traceback (most recent call last):
  File "C:\Users\zmcmillan\projects\LabelTracker\GUI\admin_window.py", line 1507, in populate_archive_orders
    for row_idx, (order_number, company_name, board_name, status, file_path, created_at, username) in enumerate(archived_orders):
                 ^^^^^^^^^^^^^^^^^^^^^^^^^^^^^^^^^^^^^^^^^^^^^^^^^^^^^^^^^^^^^^^^^^^^^^^^^^^^^^^^^
ValueError: too many values to unpack (expected 7)
2025-10-10 16:40:30,567 - GUI.admin_window - INFO - Loaded 9 orders
