2025-09-29 19:09:48,921 - utils.logger - INFO - Logging initialized. Log file: C:\Users\zmcmillan\projects\LabelTracker\logs\app_20250929_190948.log
2025-09-29 19:09:48,921 - utils.logger - INFO - Starting Label Tracker Application...
2025-09-29 19:09:48,935 - utils.logger - INFO - Database manager initialized
2025-09-29 19:09:48,935 - utils.logger - INFO - XLSX manager initialized
2025-09-29 19:09:48,953 - GUI.app - INFO - AppController initialized with backend managers
2025-09-29 19:09:49,309 - GUI.app - INFO - Login window displayed
2025-09-29 19:09:49,309 - utils.logger - INFO - Application controller started
2025-09-29 19:09:49,309 - GUI.app - INFO - Starting application event loop
2025-09-29 19:09:54,778 - GUI.app - INFO - User test (ID: 2) logged in as user
2025-09-29 19:09:54,784 - GUI.standard_user_window - INFO - User window initialized for: test
2025-09-29 19:09:54,853 - GUI.app - INFO - User window displayed for test
2025-09-29 19:10:01,984 - GUI.standard_user_window - INFO - Loaded 10 serial numbers from XLSX
2025-09-29 19:10:01,987 - GUI.standard_user_window - INFO - Order 00000.1 loaded successfully
2025-09-29 19:10:15,717 - GUI.standard_user_window - INFO - XLSX file updated for SN: QTX-00000.1-00003
2025-09-29 19:10:15,718 - GUI.standard_user_window - INFO - SN QTX-00000.1-00003 submitted: Pass
2025-09-29 19:10:15,736 - GUI.standard_user_window - INFO - Loaded 10 serial numbers from XLSX
2025-09-29 19:10:43,904 - GUI.app - INFO - Login window displayed
2025-09-29 19:10:51,598 - GUI.app - INFO - User admin (ID: 1) logged in as admin
2025-09-29 19:10:51,604 - GUI.admin_window - INFO - Admin window initialized for user: admin
2025-09-29 19:10:51,669 - GUI.admin_window - INFO - Company tree refreshed
2025-09-29 19:10:51,671 - GUI.admin_window - INFO - Dropdowns refreshed
2025-09-29 19:10:51,673 - GUI.admin_window - INFO - Loaded 2 users
2025-09-29 19:10:51,691 - GUI.admin_window - INFO - Initial data loaded successfully
2025-09-29 19:10:51,711 - GUI.app - INFO - Admin window displayed for admin
