2025-10-01 15:53:44,918 - utils.logger - INFO - Logging initialized. Log file: C:\Users\zmcmillan\projects\LabelTracker\logs\app_20251001_155344.log
2025-10-01 15:53:44,918 - utils.logger - INFO - Starting Label Tracker Application...
2025-10-01 15:53:44,933 - utils.logger - INFO - Database manager initialized
2025-10-01 15:53:44,933 - utils.logger - INFO - XLSX manager initialized
2025-10-01 15:53:44,948 - GUI.app - INFO - AppController initialized with backend managers
2025-10-01 15:53:45,319 - GUI.app - INFO - Login window displayed
2025-10-01 15:53:45,320 - utils.logger - INFO - Application controller started
2025-10-01 15:53:45,320 - GUI.app - INFO - Starting application event loop
2025-10-01 15:53:51,804 - GUI.app - INFO - User admin (ID: 1) logged in as admin
2025-10-01 15:53:51,809 - GUI.admin_window - INFO - Admin window initialized for user: admin
2025-10-01 15:53:51,891 - GUI.admin_window - INFO - Company tree refreshed
2025-10-01 15:53:51,893 - GUI.admin_window - INFO - Dropdowns refreshed
2025-10-01 15:53:51,895 - GUI.admin_window - INFO - Loaded 2 users
2025-10-01 15:53:51,921 - GUI.admin_window - INFO - Initial data loaded successfully
2025-10-01 15:53:51,945 - GUI.app - INFO - Admin window displayed for admin
2025-10-01 15:54:38,515 - GUI.admin_window - INFO - Board: 15304 added with path P:/Label Tracking/Quantronix/15304RX
2025-10-01 15:54:39,611 - GUI.admin_window - INFO - Company tree refreshed
2025-10-01 15:54:39,615 - GUI.admin_window - INFO - Dropdowns refreshed
2025-10-01 15:55:48,822 - GUI.admin_window - INFO - Order 7894.1 created with 10 serial numbers
2025-10-01 15:56:12,981 - GUI.app - INFO - Login window displayed
2025-10-01 15:56:16,908 - GUI.app - INFO - User test (ID: 2) logged in as user
2025-10-01 15:56:16,913 - GUI.standard_user_window - INFO - User window initialized for: test
2025-10-01 15:56:16,970 - GUI.app - INFO - User window displayed for test
2025-10-01 15:57:33,670 - GUI.standard_user_window - INFO - Loaded 10 serial numbers from XLSX
2025-10-01 15:57:33,671 - GUI.standard_user_window - INFO - Order 7894.1 loaded successfully
2025-10-01 15:59:06,955 - GUI.standard_user_window - ERROR - Failed to update XLSX file: [WinError 5] Access is denied: 'P:\\Label Tracking\\Quantronix\\15304RX\\lt_tmp_oeumk635.xlsx' -> 'P:/Label Tracking/Quantronix/15304RX\\7894.1.xlsx'
Traceback (most recent call last):
  File "C:\Users\zmcmillan\projects\LabelTracker\GUI\standard_user_window.py", line 969, in update_xlsx_file
    os.replace(tmp_path, self.current_order_file)
    ~~~~~~~~~~^^^^^^^^^^^^^^^^^^^^^^^^^^^^^^^^^^^
PermissionError: [WinError 5] Access is denied: 'P:\\Label Tracking\\Quantronix\\15304RX\\lt_tmp_oeumk635.xlsx' -> 'P:/Label Tracking/Quantronix/15304RX\\7894.1.xlsx'
2025-10-01 15:59:06,957 - GUI.standard_user_window - ERROR - Failed to submit SN: [WinError 5] Access is denied: 'P:\\Label Tracking\\Quantronix\\15304RX\\lt_tmp_oeumk635.xlsx' -> 'P:/Label Tracking/Quantronix/15304RX\\7894.1.xlsx'
Traceback (most recent call last):
  File "C:\Users\zmcmillan\projects\LabelTracker\GUI\standard_user_window.py", line 894, in submit_sn
    self.update_xlsx_file(
    ~~~~~~~~~~~~~~~~~~~~~^
        serial_number=norm_sn,
        ^^^^^^^^^^^^^^^^^^^^^^
    ...<3 lines>...
        fix_explanation=fix_reason
        ^^^^^^^^^^^^^^^^^^^^^^^^^^
    )
    ^
  File "C:\Users\zmcmillan\projects\LabelTracker\GUI\standard_user_window.py", line 969, in update_xlsx_file
    os.replace(tmp_path, self.current_order_file)
    ~~~~~~~~~~^^^^^^^^^^^^^^^^^^^^^^^^^^^^^^^^^^^
PermissionError: [WinError 5] Access is denied: 'P:\\Label Tracking\\Quantronix\\15304RX\\lt_tmp_oeumk635.xlsx' -> 'P:/Label Tracking/Quantronix/15304RX\\7894.1.xlsx'
2025-10-01 15:59:16,917 - GUI.standard_user_window - INFO - Loaded 10 serial numbers from XLSX
2025-10-01 15:59:16,919 - GUI.standard_user_window - INFO - Order 1234.1 loaded successfully
2025-10-01 15:59:22,409 - GUI.standard_user_window - INFO - XLSX file updated for SN: EXB-1234.1-00001
2025-10-01 15:59:22,409 - GUI.standard_user_window - INFO - SN EXB-1234.1-00001 submitted: Pass
2025-10-01 15:59:22,426 - GUI.standard_user_window - INFO - Loaded 10 serial numbers from XLSX
2025-10-01 15:59:39,133 - GUI.standard_user_window - INFO - XLSX file updated for SN: EXB-1234.1-00006
2025-10-01 15:59:39,134 - GUI.standard_user_window - INFO - SN EXB-1234.1-00006 submitted: Fail
2025-10-01 15:59:39,163 - GUI.standard_user_window - INFO - Loaded 10 serial numbers from XLSX
2025-10-01 16:01:25,021 - GUI.standard_user_window - INFO - XLSX file updated for SN: EXB-1234.1-00006
2025-10-01 16:01:25,022 - GUI.standard_user_window - INFO - SN EXB-1234.1-00006 submitted: Pass
2025-10-01 16:01:25,038 - GUI.standard_user_window - INFO - Loaded 10 serial numbers from XLSX
2025-10-01 16:01:56,109 - GUI.app - INFO - Login window displayed
2025-10-01 16:02:00,190 - GUI.app - INFO - User admin (ID: 1) logged in as admin
2025-10-01 16:02:00,195 - GUI.admin_window - INFO - Admin window initialized for user: admin
2025-10-01 16:02:00,264 - GUI.admin_window - INFO - Company tree refreshed
2025-10-01 16:02:00,267 - GUI.admin_window - INFO - Dropdowns refreshed
2025-10-01 16:02:00,270 - GUI.admin_window - INFO - Loaded 2 users
2025-10-01 16:02:00,299 - GUI.admin_window - INFO - Initial data loaded successfully
2025-10-01 16:02:00,317 - GUI.app - INFO - Admin window displayed for admin
2025-10-01 16:02:04,261 - GUI.admin_window - INFO - Loaded 4 orders
