2025-10-08 16:33:36,409 - utils.logger - INFO - Logging initialized. Log file: C:\Users\zmcmillan\projects\LabelTracker\logs\app_20251008_163336.log
2025-10-08 16:33:36,409 - utils.logger - INFO - Starting Label Tracker Application...
2025-10-08 16:33:36,424 - utils.logger - INFO - Database manager initialized
2025-10-08 16:33:36,424 - utils.logger - INFO - XLSX manager initialized
2025-10-08 16:33:36,438 - GUI.app - INFO - AppController initialized with backend managers
2025-10-08 16:33:36,806 - GUI.app - INFO - Login window displayed
2025-10-08 16:33:36,806 - utils.logger - INFO - Application controller started
2025-10-08 16:33:36,806 - GUI.app - INFO - Starting application event loop
2025-10-08 16:33:39,382 - GUI.app - INFO - User admin (ID: 1) logged in as admin
2025-10-08 16:33:39,388 - GUI.admin_window - INFO - Admin window initialized for user: admin
2025-10-08 16:33:39,473 - GUI.admin_window - INFO - Company tree refreshed
2025-10-08 16:33:39,476 - GUI.admin_window - INFO - Dropdowns refreshed
2025-10-08 16:33:39,479 - GUI.admin_window - INFO - Loaded 2 users
2025-10-08 16:33:39,525 - GUI.admin_window - INFO - Initial data loaded successfully
2025-10-08 16:33:39,548 - GUI.app - INFO - Admin window displayed for admin
2025-10-08 16:34:37,035 - managers.db_manager - ERROR - Database connection error: database is locked
2025-10-08 16:34:37,055 - managers.db_manager - ERROR - Failed to add order: database is locked
2025-10-08 16:34:37,055 - GUI.admin_window - ERROR - Failed to create order: database is locked
Traceback (most recent call last):
  File "C:\Users\zmcmillan\projects\LabelTracker\GUI\admin_window.py", line 1077, in create_order
    file_path, count = self.xlsx_manager.create_order_file(
                       ~~~~~~~~~~~~~~~~~~~~~~~~~~~~~~~~~~~^
        order_number=order_number,
        ^^^^^^^^^^^^^^^^^^^^^^^^^^
    ...<10 lines>...
        serial_prefix=serial_prefix,
        ^^^^^^^^^^^^^^^^^^^^^^^^^^^^
    )
    ^
  File "C:\Users\zmcmillan\projects\LabelTracker\managers\xlsx_manager.py", line 106, in create_order_file
    self.db.add_order(order_number, company_id, board_id, file_path, created_by)
    ~~~~~~~~~~~~~~~~~^^^^^^^^^^^^^^^^^^^^^^^^^^^^^^^^^^^^^^^^^^^^^^^^^^^^^^^^^^^
  File "C:\Users\zmcmillan\projects\LabelTracker\managers\db_manager.py", line 279, in add_order
    conn.commit()
    ~~~~~~~~~~~^^
sqlite3.OperationalError: database is locked
