2025-10-06 14:52:58,881 - utils.logger - INFO - Logging initialized. Log file: C:\Users\zmcmillan\projects\LabelTracker\logs\app_20251006_145258.log
2025-10-06 14:52:58,881 - utils.logger - INFO - Starting Label Tracker Application...
2025-10-06 14:52:58,896 - utils.logger - INFO - Database manager initialized
2025-10-06 14:52:58,896 - utils.logger - INFO - XLSX manager initialized
2025-10-06 14:52:58,910 - GUI.app - INFO - AppController initialized with backend managers
2025-10-06 14:52:59,256 - GUI.app - INFO - Login window displayed
2025-10-06 14:52:59,257 - utils.logger - INFO - Application controller started
2025-10-06 14:52:59,257 - GUI.app - INFO - Starting application event loop
2025-10-06 14:53:03,605 - GUI.app - INFO - User admin (ID: 1) logged in as admin
2025-10-06 14:53:03,610 - GUI.admin_window - INFO - Admin window initialized for user: admin
2025-10-06 14:53:03,689 - GUI.admin_window - INFO - Company tree refreshed
2025-10-06 14:53:03,691 - GUI.admin_window - INFO - Dropdowns refreshed
2025-10-06 14:53:03,694 - GUI.admin_window - INFO - Loaded 2 users
2025-10-06 14:53:03,718 - GUI.admin_window - ERROR - Failed to load orders: 'QTableWidgetItem' object has no attribute 'setStyleSheet'
Traceback (most recent call last):
  File "C:\Users\zmcmillan\projects\LabelTracker\GUI\admin_window.py", line 1733, in load_awaiting_confirmation_orders
    status_item.setStyleSheet("color: #FFC107; font-weight: bold;")
    ^^^^^^^^^^^^^^^^^^^^^^^^^
AttributeError: 'QTableWidgetItem' object has no attribute 'setStyleSheet'
2025-10-06 14:53:03,720 - GUI.admin_window - INFO - Initial data loaded successfully
2025-10-06 14:53:03,744 - GUI.app - INFO - Admin window displayed for admin
2025-10-06 14:53:06,558 - GUI.admin_window - ERROR - Failed to load orders: 'QTableWidgetItem' object has no attribute 'setStyleSheet'
Traceback (most recent call last):
  File "C:\Users\zmcmillan\projects\LabelTracker\GUI\admin_window.py", line 1733, in load_awaiting_confirmation_orders
    status_item.setStyleSheet("color: #FFC107; font-weight: bold;")
    ^^^^^^^^^^^^^^^^^^^^^^^^^
AttributeError: 'QTableWidgetItem' object has no attribute 'setStyleSheet'
2025-10-06 14:53:38,613 - GUI.admin_window - INFO - Loaded 5 orders
2025-10-06 14:53:46,138 - GUI.admin_window - INFO - Loaded 5 orders
2025-10-06 14:53:49,188 - GUI.admin_window - ERROR - Failed to load orders: 'QTableWidgetItem' object has no attribute 'setStyleSheet'
Traceback (most recent call last):
  File "C:\Users\zmcmillan\projects\LabelTracker\GUI\admin_window.py", line 1733, in load_awaiting_confirmation_orders
    status_item.setStyleSheet("color: #FFC107; font-weight: bold;")
    ^^^^^^^^^^^^^^^^^^^^^^^^^
AttributeError: 'QTableWidgetItem' object has no attribute 'setStyleSheet'
2025-10-06 14:53:50,615 - GUI.admin_window - INFO - Loaded 5 orders
2025-10-06 14:53:54,024 - GUI.admin_window - INFO - Loaded 5 orders
2025-10-06 14:53:57,860 - GUI.admin_window - INFO - Loaded 5 orders
2025-10-06 14:54:01,013 - GUI.admin_window - INFO - Loaded 5 orders
2025-10-06 14:54:03,818 - GUI.admin_window - INFO - Loaded 5 orders
2025-10-06 14:54:05,066 - GUI.admin_window - ERROR - Failed to load orders: 'QTableWidgetItem' object has no attribute 'setStyleSheet'
Traceback (most recent call last):
  File "C:\Users\zmcmillan\projects\LabelTracker\GUI\admin_window.py", line 1733, in load_awaiting_confirmation_orders
    status_item.setStyleSheet("color: #FFC107; font-weight: bold;")
    ^^^^^^^^^^^^^^^^^^^^^^^^^
AttributeError: 'QTableWidgetItem' object has no attribute 'setStyleSheet'
2025-10-06 14:55:05,597 - GUI.admin_window - INFO - Loaded 5 orders
2025-10-06 14:55:12,055 - GUI.admin_window - INFO - Loaded 4 orders
2025-10-06 14:55:16,519 - GUI.admin_window - INFO - Loaded 3 orders
2025-10-06 14:55:20,396 - GUI.admin_window - INFO - Loaded 2 orders
2025-10-06 14:55:23,741 - GUI.admin_window - INFO - Loaded 1 orders
2025-10-06 14:55:26,897 - GUI.admin_window - INFO - Loaded 0 orders
2025-10-06 14:56:03,432 - GUI.admin_window - INFO - Order 1234.1 created with 10 serial numbers
2025-10-06 14:56:11,628 - GUI.admin_window - ERROR - Failed to load orders: 'QTableWidgetItem' object has no attribute 'setStyleSheet'
Traceback (most recent call last):
  File "C:\Users\zmcmillan\projects\LabelTracker\GUI\admin_window.py", line 1735, in load_awaiting_confirmation_orders
    status_item.setStyleSheet("color: #aaa;")
    ^^^^^^^^^^^^^^^^^^^^^^^^^
AttributeError: 'QTableWidgetItem' object has no attribute 'setStyleSheet'
2025-10-06 14:56:19,323 - GUI.admin_window - INFO - Loaded 1 orders
2025-10-06 15:04:14,855 - GUI.admin_window - ERROR - Failed to load orders: 'QTableWidgetItem' object has no attribute 'setStyleSheet'
Traceback (most recent call last):
  File "C:\Users\zmcmillan\projects\LabelTracker\GUI\admin_window.py", line 1735, in load_awaiting_confirmation_orders
    elif status_str == "Active":
        ^^^^^^^^^^^^^^^^^^^^^^^^
AttributeError: 'QTableWidgetItem' object has no attribute 'setStyleSheet'
