2025-10-01 12:49:43,445 - utils.logger - INFO - Logging initialized. Log file: C:\Users\zmcmillan\projects\LabelTracker\logs\app_20251001_124943.log
2025-10-01 12:49:43,445 - utils.logger - INFO - Starting Label Tracker Application...
2025-10-01 12:49:43,468 - utils.logger - INFO - Database manager initialized
2025-10-01 12:49:43,468 - utils.logger - INFO - XLSX manager initialized
2025-10-01 12:49:43,486 - GUI.app - INFO - AppController initialized with backend managers
2025-10-01 12:49:43,853 - GUI.app - INFO - Login window displayed
2025-10-01 12:49:43,853 - utils.logger - INFO - Application controller started
2025-10-01 12:49:43,853 - GUI.app - INFO - Starting application event loop
2025-10-01 12:49:50,473 - GUI.app - INFO - User admin (ID: 1) logged in as admin
2025-10-01 12:49:50,478 - GUI.admin_window - INFO - Admin window initialized for user: admin
2025-10-01 12:49:50,557 - GUI.admin_window - INFO - Company tree refreshed
2025-10-01 12:49:50,560 - GUI.admin_window - INFO - Dropdowns refreshed
2025-10-01 12:49:50,563 - GUI.admin_window - INFO - Loaded 2 users
2025-10-01 12:49:50,592 - GUI.admin_window - INFO - Initial data loaded successfully
2025-10-01 12:49:50,615 - GUI.app - INFO - Admin window displayed for admin
2025-10-01 12:55:35,809 - GUI.admin_window - INFO - Loaded 2 orders
2025-10-01 12:57:22,217 - GUI.admin_window - INFO - Order 2345.1 created with 5 serial numbers
2025-10-01 12:58:47,696 - GUI.app - INFO - Login window displayed
2025-10-01 12:58:58,463 - GUI.app - INFO - User test (ID: 2) logged in as user
2025-10-01 12:58:58,469 - GUI.standard_user_window - INFO - User window initialized for: test
2025-10-01 12:58:58,524 - GUI.app - INFO - User window displayed for test
2025-10-01 12:59:06,488 - GUI.standard_user_window - INFO - Loaded 5 serial numbers from XLSX
2025-10-01 12:59:06,490 - GUI.standard_user_window - INFO - Order 2345.1 loaded successfully
2025-10-01 12:59:22,564 - GUI.standard_user_window - INFO - XLSX file updated for SN: QTX-2345.1-00001
2025-10-01 12:59:22,565 - GUI.standard_user_window - INFO - SN QTX-2345.1-00001 submitted: Pass
2025-10-01 12:59:22,581 - GUI.standard_user_window - INFO - Loaded 5 serial numbers from XLSX
2025-10-01 12:59:31,168 - GUI.standard_user_window - INFO - XLSX file updated for SN: QTX-2345.1-00002
2025-10-01 12:59:31,169 - GUI.standard_user_window - INFO - SN QTX-2345.1-00002 submitted: Fail
2025-10-01 12:59:31,183 - GUI.standard_user_window - INFO - Loaded 5 serial numbers from XLSX
2025-10-01 12:59:36,768 - GUI.standard_user_window - INFO - XLSX file updated for SN: QTX-2345.1-00003
2025-10-01 12:59:36,769 - GUI.standard_user_window - INFO - SN QTX-2345.1-00003 submitted: Pass
2025-10-01 12:59:36,783 - GUI.standard_user_window - INFO - Loaded 5 serial numbers from XLSX
2025-10-01 12:59:38,017 - GUI.standard_user_window - INFO - XLSX file updated for SN: QTX-2345.1-00004
2025-10-01 12:59:38,017 - GUI.standard_user_window - INFO - SN QTX-2345.1-00004 submitted: Pass
2025-10-01 12:59:38,032 - GUI.standard_user_window - INFO - Loaded 5 serial numbers from XLSX
2025-10-01 12:59:39,286 - GUI.standard_user_window - INFO - XLSX file updated for SN: QTX-2345.1-00005
2025-10-01 12:59:39,287 - GUI.standard_user_window - INFO - SN QTX-2345.1-00005 submitted: Pass
2025-10-01 12:59:39,301 - GUI.standard_user_window - INFO - Loaded 5 serial numbers from XLSX
2025-10-01 13:00:00,831 - GUI.standard_user_window - INFO - XLSX file updated for SN: QTX-2345.1-00002
2025-10-01 13:00:00,831 - GUI.standard_user_window - INFO - SN QTX-2345.1-00002 submitted: Pass
2025-10-01 13:00:00,845 - GUI.standard_user_window - INFO - Loaded 5 serial numbers from XLSX
2025-10-01 13:00:10,626 - GUI.app - INFO - Login window displayed
2025-10-01 13:00:14,795 - GUI.app - INFO - User admin (ID: 1) logged in as admin
2025-10-01 13:00:14,801 - GUI.admin_window - INFO - Admin window initialized for user: admin
2025-10-01 13:00:14,862 - GUI.admin_window - INFO - Company tree refreshed
2025-10-01 13:00:14,864 - GUI.admin_window - INFO - Dropdowns refreshed
2025-10-01 13:00:14,867 - GUI.admin_window - INFO - Loaded 2 users
2025-10-01 13:00:14,896 - GUI.admin_window - INFO - Initial data loaded successfully
2025-10-01 13:00:14,914 - GUI.app - INFO - Admin window displayed for admin
2025-10-01 13:00:38,041 - GUI.app - INFO - Login window displayed
2025-10-01 13:00:42,995 - GUI.app - INFO - User test (ID: 2) logged in as user
2025-10-01 13:00:43,001 - GUI.standard_user_window - INFO - User window initialized for: test
2025-10-01 13:00:43,051 - GUI.app - INFO - User window displayed for test
2025-10-01 13:00:49,495 - GUI.standard_user_window - INFO - Loaded 150 serial numbers from XLSX
2025-10-01 13:00:49,503 - GUI.standard_user_window - INFO - Order 0000.0 loaded successfully
2025-10-01 13:01:06,624 - GUI.standard_user_window - ERROR - Failed to update XLSX file: [WinError 5] Access is denied: 'P:\\Label Tracking\\Quantronix\\12841\\lt_tmp_w1c_n170.xlsx' -> 'P:/Label Tracking/Quantronix/12841\\0000.0.xlsx'
Traceback (most recent call last):
  File "C:\Users\zmcmillan\projects\LabelTracker\GUI\standard_user_window.py", line 969, in update_xlsx_file
    os.replace(tmp_path, self.current_order_file)
    ~~~~~~~~~~^^^^^^^^^^^^^^^^^^^^^^^^^^^^^^^^^^^
PermissionError: [WinError 5] Access is denied: 'P:\\Label Tracking\\Quantronix\\12841\\lt_tmp_w1c_n170.xlsx' -> 'P:/Label Tracking/Quantronix/12841\\0000.0.xlsx'
2025-10-01 13:01:06,625 - GUI.standard_user_window - ERROR - Failed to submit SN: [WinError 5] Access is denied: 'P:\\Label Tracking\\Quantronix\\12841\\lt_tmp_w1c_n170.xlsx' -> 'P:/Label Tracking/Quantronix/12841\\0000.0.xlsx'
Traceback (most recent call last):
  File "C:\Users\zmcmillan\projects\LabelTracker\GUI\standard_user_window.py", line 894, in submit_sn
    self.update_xlsx_file(
    ~~~~~~~~~~~~~~~~~~~~~^
        serial_number=norm_sn,
        ^^^^^^^^^^^^^^^^^^^^^^
    ...<3 lines>...
        fix_explanation=fix_reason
        ^^^^^^^^^^^^^^^^^^^^^^^^^^
    )
    ^
  File "C:\Users\zmcmillan\projects\LabelTracker\GUI\standard_user_window.py", line 969, in update_xlsx_file
    os.replace(tmp_path, self.current_order_file)
    ~~~~~~~~~~^^^^^^^^^^^^^^^^^^^^^^^^^^^^^^^^^^^
PermissionError: [WinError 5] Access is denied: 'P:\\Label Tracking\\Quantronix\\12841\\lt_tmp_w1c_n170.xlsx' -> 'P:/Label Tracking/Quantronix/12841\\0000.0.xlsx'
2025-10-01 13:01:19,651 - GUI.standard_user_window - ERROR - Failed to update XLSX file: [WinError 5] Access is denied: 'P:\\Label Tracking\\Quantronix\\12841\\lt_tmp_g1zljxg2.xlsx' -> 'P:/Label Tracking/Quantronix/12841\\0000.0.xlsx'
Traceback (most recent call last):
  File "C:\Users\zmcmillan\projects\LabelTracker\GUI\standard_user_window.py", line 969, in update_xlsx_file
    os.replace(tmp_path, self.current_order_file)
    ~~~~~~~~~~^^^^^^^^^^^^^^^^^^^^^^^^^^^^^^^^^^^
PermissionError: [WinError 5] Access is denied: 'P:\\Label Tracking\\Quantronix\\12841\\lt_tmp_g1zljxg2.xlsx' -> 'P:/Label Tracking/Quantronix/12841\\0000.0.xlsx'
2025-10-01 13:01:19,652 - GUI.standard_user_window - ERROR - Failed to submit SN: [WinError 5] Access is denied: 'P:\\Label Tracking\\Quantronix\\12841\\lt_tmp_g1zljxg2.xlsx' -> 'P:/Label Tracking/Quantronix/12841\\0000.0.xlsx'
Traceback (most recent call last):
  File "C:\Users\zmcmillan\projects\LabelTracker\GUI\standard_user_window.py", line 894, in submit_sn
    self.update_xlsx_file(
    ~~~~~~~~~~~~~~~~~~~~~^
        serial_number=norm_sn,
        ^^^^^^^^^^^^^^^^^^^^^^
    ...<3 lines>...
        fix_explanation=fix_reason
        ^^^^^^^^^^^^^^^^^^^^^^^^^^
    )
    ^
  File "C:\Users\zmcmillan\projects\LabelTracker\GUI\standard_user_window.py", line 969, in update_xlsx_file
    os.replace(tmp_path, self.current_order_file)
    ~~~~~~~~~~^^^^^^^^^^^^^^^^^^^^^^^^^^^^^^^^^^^
PermissionError: [WinError 5] Access is denied: 'P:\\Label Tracking\\Quantronix\\12841\\lt_tmp_g1zljxg2.xlsx' -> 'P:/Label Tracking/Quantronix/12841\\0000.0.xlsx'
2025-10-01 13:01:29,600 - GUI.standard_user_window - ERROR - Failed to update XLSX file: [WinError 5] Access is denied: 'P:\\Label Tracking\\Quantronix\\12841\\lt_tmp_naysv21i.xlsx' -> 'P:/Label Tracking/Quantronix/12841\\0000.0.xlsx'
Traceback (most recent call last):
  File "C:\Users\zmcmillan\projects\LabelTracker\GUI\standard_user_window.py", line 969, in update_xlsx_file
    os.replace(tmp_path, self.current_order_file)
    ~~~~~~~~~~^^^^^^^^^^^^^^^^^^^^^^^^^^^^^^^^^^^
PermissionError: [WinError 5] Access is denied: 'P:\\Label Tracking\\Quantronix\\12841\\lt_tmp_naysv21i.xlsx' -> 'P:/Label Tracking/Quantronix/12841\\0000.0.xlsx'
2025-10-01 13:01:29,601 - GUI.standard_user_window - ERROR - Failed to submit SN: [WinError 5] Access is denied: 'P:\\Label Tracking\\Quantronix\\12841\\lt_tmp_naysv21i.xlsx' -> 'P:/Label Tracking/Quantronix/12841\\0000.0.xlsx'
Traceback (most recent call last):
  File "C:\Users\zmcmillan\projects\LabelTracker\GUI\standard_user_window.py", line 894, in submit_sn
    self.update_xlsx_file(
    ~~~~~~~~~~~~~~~~~~~~~^
        serial_number=norm_sn,
        ^^^^^^^^^^^^^^^^^^^^^^
    ...<3 lines>...
        fix_explanation=fix_reason
        ^^^^^^^^^^^^^^^^^^^^^^^^^^
    )
    ^
  File "C:\Users\zmcmillan\projects\LabelTracker\GUI\standard_user_window.py", line 969, in update_xlsx_file
    os.replace(tmp_path, self.current_order_file)
    ~~~~~~~~~~^^^^^^^^^^^^^^^^^^^^^^^^^^^^^^^^^^^
PermissionError: [WinError 5] Access is denied: 'P:\\Label Tracking\\Quantronix\\12841\\lt_tmp_naysv21i.xlsx' -> 'P:/Label Tracking/Quantronix/12841\\0000.0.xlsx'
2025-10-01 13:01:49,708 - GUI.standard_user_window - INFO - Loaded 5 serial numbers from XLSX
2025-10-01 13:01:49,710 - GUI.standard_user_window - INFO - Order 2345.1 loaded successfully
2025-10-01 13:01:56,508 - GUI.standard_user_window - INFO - XLSX file updated for SN: QTX-2345.1-00004
2025-10-01 13:01:56,508 - GUI.standard_user_window - INFO - SN QTX-2345.1-00004 submitted: Fail
2025-10-01 13:01:56,524 - GUI.standard_user_window - INFO - Loaded 5 serial numbers from XLSX
2025-10-01 13:03:09,654 - GUI.app - INFO - Login window displayed
2025-10-01 13:03:13,751 - GUI.app - INFO - User admin (ID: 1) logged in as admin
2025-10-01 13:03:13,757 - GUI.admin_window - INFO - Admin window initialized for user: admin
2025-10-01 13:03:13,818 - GUI.admin_window - INFO - Company tree refreshed
2025-10-01 13:03:13,820 - GUI.admin_window - INFO - Dropdowns refreshed
2025-10-01 13:03:13,822 - GUI.admin_window - INFO - Loaded 2 users
2025-10-01 13:03:13,849 - GUI.admin_window - INFO - Initial data loaded successfully
2025-10-01 13:03:13,869 - GUI.app - INFO - Admin window displayed for admin
2025-10-01 13:05:38,565 - GUI.app - INFO - Login window displayed
2025-10-01 13:05:42,659 - GUI.app - INFO - User test (ID: 2) logged in as user
2025-10-01 13:05:42,664 - GUI.standard_user_window - INFO - User window initialized for: test
2025-10-01 13:05:42,719 - GUI.app - INFO - User window displayed for test
2025-10-01 13:05:57,669 - GUI.standard_user_window - INFO - Loaded 150 serial numbers from XLSX
2025-10-01 13:05:57,677 - GUI.standard_user_window - INFO - Order 0000.0 loaded successfully
2025-10-01 13:10:18,312 - GUI.standard_user_window - ERROR - Failed to update XLSX file: [WinError 5] Access is denied: 'P:\\Label Tracking\\Quantronix\\12841\\lt_tmp_2p2uvacj.xlsx' -> 'P:/Label Tracking/Quantronix/12841\\0000.0.xlsx'
Traceback (most recent call last):
  File "C:\Users\zmcmillan\projects\LabelTracker\GUI\standard_user_window.py", line 969, in update_xlsx_file
    os.replace(tmp_path, self.current_order_file)
    ~~~~~~~~~~^^^^^^^^^^^^^^^^^^^^^^^^^^^^^^^^^^^
PermissionError: [WinError 5] Access is denied: 'P:\\Label Tracking\\Quantronix\\12841\\lt_tmp_2p2uvacj.xlsx' -> 'P:/Label Tracking/Quantronix/12841\\0000.0.xlsx'
2025-10-01 13:10:18,312 - GUI.standard_user_window - ERROR - Failed to submit SN: [WinError 5] Access is denied: 'P:\\Label Tracking\\Quantronix\\12841\\lt_tmp_2p2uvacj.xlsx' -> 'P:/Label Tracking/Quantronix/12841\\0000.0.xlsx'
Traceback (most recent call last):
  File "C:\Users\zmcmillan\projects\LabelTracker\GUI\standard_user_window.py", line 894, in submit_sn
    self.update_xlsx_file(
    ~~~~~~~~~~~~~~~~~~~~~^
        serial_number=norm_sn,
        ^^^^^^^^^^^^^^^^^^^^^^
    ...<3 lines>...
        fix_explanation=fix_reason
        ^^^^^^^^^^^^^^^^^^^^^^^^^^
    )
    ^
  File "C:\Users\zmcmillan\projects\LabelTracker\GUI\standard_user_window.py", line 969, in update_xlsx_file
    os.replace(tmp_path, self.current_order_file)
    ~~~~~~~~~~^^^^^^^^^^^^^^^^^^^^^^^^^^^^^^^^^^^
PermissionError: [WinError 5] Access is denied: 'P:\\Label Tracking\\Quantronix\\12841\\lt_tmp_2p2uvacj.xlsx' -> 'P:/Label Tracking/Quantronix/12841\\0000.0.xlsx'
2025-10-01 13:12:22,164 - GUI.app - INFO - Login window displayed
2025-10-01 13:12:28,394 - GUI.app - INFO - User admin (ID: 1) logged in as admin
2025-10-01 13:12:28,399 - GUI.admin_window - INFO - Admin window initialized for user: admin
2025-10-01 13:12:28,461 - GUI.admin_window - INFO - Company tree refreshed
2025-10-01 13:12:28,463 - GUI.admin_window - INFO - Dropdowns refreshed
2025-10-01 13:12:28,465 - GUI.admin_window - INFO - Loaded 2 users
2025-10-01 13:12:28,491 - GUI.admin_window - INFO - Initial data loaded successfully
2025-10-01 13:12:28,509 - GUI.app - INFO - Admin window displayed for admin
2025-10-01 13:12:41,638 - GUI.admin_window - INFO - Loaded 3 orders
2025-10-01 13:12:41,656 - GUI.admin_window - INFO - Company tree refreshed
2025-10-01 13:12:42,460 - GUI.admin_window - INFO - Loaded 3 orders
