2025-10-06 16:20:07,615 - utils.logger - INFO - Logging initialized. Log file: C:\Users\zmcmillan\projects\LabelTracker\logs\app_20251006_162007.log
2025-10-06 16:20:07,615 - utils.logger - INFO - Starting Label Tracker Application...
2025-10-06 16:20:07,628 - utils.logger - INFO - Database manager initialized
2025-10-06 16:20:07,628 - utils.logger - INFO - XLSX manager initialized
2025-10-06 16:20:07,642 - GUI.app - INFO - AppController initialized with backend managers
2025-10-06 16:20:07,991 - GUI.app - INFO - Login window displayed
2025-10-06 16:20:07,991 - utils.logger - INFO - Application controller started
2025-10-06 16:20:07,991 - GUI.app - INFO - Starting application event loop
2025-10-06 16:20:12,630 - GUI.app - INFO - User admin (ID: 1) logged in as admin
2025-10-06 16:20:12,635 - GUI.admin_window - INFO - Admin window initialized for user: admin
2025-10-06 16:20:12,715 - GUI.admin_window - INFO - Company tree refreshed
2025-10-06 16:20:12,718 - GUI.admin_window - INFO - Dropdowns refreshed
2025-10-06 16:20:12,721 - GUI.admin_window - INFO - Loaded 2 users
2025-10-06 16:20:12,784 - GUI.admin_window - INFO - Initial data loaded successfully
2025-10-06 16:20:12,808 - GUI.app - INFO - Admin window displayed for admin
2025-10-06 16:20:13,849 - GUI.admin_window - INFO - Loaded 4 orders
2025-10-06 16:22:37,169 - GUI.admin_window - INFO - Loaded 3 orders
2025-10-06 16:22:44,671 - GUI.admin_window - INFO - Loaded 3 orders
2025-10-06 16:22:57,563 - GUI.admin_window - INFO - Loaded 2 orders
2025-10-06 16:23:26,611 - GUI.admin_window - INFO - Loaded 2 orders
2025-10-06 16:23:31,336 - GUI.admin_window - INFO - Loaded 2 orders
2025-10-06 16:23:42,446 - GUI.admin_window - INFO - Company tree refreshed
2025-10-06 16:23:42,450 - GUI.admin_window - INFO - Dropdowns refreshed
2025-10-06 16:23:42,476 - GUI.admin_window - INFO - Loaded 2 orders
2025-10-06 16:23:46,364 - GUI.admin_window - INFO - Company tree refreshed
2025-10-06 16:23:46,367 - GUI.admin_window - INFO - Dropdowns refreshed
2025-10-06 16:23:46,402 - GUI.admin_window - INFO - Loaded 2 orders
