2025-09-29 20:31:07,323 - utils.logger - INFO - Logging initialized. Log file: C:\Users\zmcmillan\projects\LabelTracker\logs\app_20250929_203107.log
2025-09-29 20:31:07,323 - utils.logger - INFO - Starting Label Tracker Application...
2025-09-29 20:31:07,351 - utils.logger - INFO - Database manager initialized
2025-09-29 20:31:07,351 - utils.logger - INFO - XLSX manager initialized
2025-09-29 20:31:07,367 - GUI.app - INFO - AppController initialized with backend managers
2025-09-29 20:31:07,733 - GUI.app - INFO - Login window displayed
2025-09-29 20:31:07,733 - utils.logger - INFO - Application controller started
2025-09-29 20:31:07,734 - GUI.app - INFO - Starting application event loop
2025-09-29 20:31:10,749 - GUI.app - INFO - User admin (ID: 1) logged in as admin
2025-09-29 20:31:10,755 - GUI.admin_window - INFO - Admin window initialized for user: admin
2025-09-29 20:31:10,853 - GUI.admin_window - INFO - Company tree refreshed
2025-09-29 20:31:10,857 - GUI.admin_window - INFO - Dropdowns refreshed
2025-09-29 20:31:10,859 - GUI.admin_window - INFO - Loaded 2 users
2025-09-29 20:31:10,864 - GUI.admin_window - INFO - Initial data loaded successfully
2025-09-29 20:31:10,889 - GUI.app - INFO - Admin window displayed for admin
2025-09-29 20:31:12,447 - GUI.admin_window - INFO - Loaded 3 orders
2025-09-29 20:33:29,769 - GUI.admin_window - INFO - Company archived: Champion X
2025-09-29 20:33:30,595 - GUI.admin_window - INFO - Company tree refreshed
2025-09-29 20:33:30,598 - GUI.admin_window - INFO - Dropdowns refreshed
2025-09-29 20:33:42,047 - GUI.admin_window - INFO - Loaded 3 orders
2025-09-29 20:33:42,087 - GUI.admin_window - INFO - Company tree refreshed
