2025-09-29 20:41:32,758 - utils.logger - INFO - Logging initialized. Log file: C:\Users\zmcmillan\projects\LabelTracker\logs\app_20250929_204132.log
2025-09-29 20:41:32,758 - utils.logger - INFO - Starting Label Tracker Application...
2025-09-29 20:41:32,771 - utils.logger - INFO - Database manager initialized
2025-09-29 20:41:32,771 - utils.logger - INFO - XLSX manager initialized
2025-09-29 20:41:32,785 - GUI.app - INFO - AppController initialized with backend managers
2025-09-29 20:41:33,155 - GUI.app - INFO - Login window displayed
2025-09-29 20:41:33,155 - utils.logger - INFO - Application controller started
2025-09-29 20:41:33,155 - GUI.app - INFO - Starting application event loop
2025-09-29 20:41:38,611 - GUI.app - INFO - User admin (ID: 1) logged in as admin
2025-09-29 20:41:38,616 - GUI.admin_window - INFO - Admin window initialized for user: admin
2025-09-29 20:41:38,706 - GUI.admin_window - INFO - Company tree refreshed
2025-09-29 20:41:38,709 - GUI.admin_window - INFO - Dropdowns refreshed
2025-09-29 20:41:38,711 - GUI.admin_window - INFO - Loaded 2 users
2025-09-29 20:41:38,714 - GUI.admin_window - INFO - Initial data loaded successfully
2025-09-29 20:41:38,737 - GUI.app - INFO - Admin window displayed for admin
2025-09-29 20:42:59,087 - GUI.admin_window - INFO - Order 4321.1 created with 10 serial numbers
2025-09-29 20:43:17,023 - GUI.admin_window - INFO - Board added: 12844
2025-09-29 20:43:18,062 - GUI.admin_window - INFO - Company tree refreshed
2025-09-29 20:43:18,066 - GUI.admin_window - INFO - Dropdowns refreshed
2025-09-29 20:43:27,333 - GUI.app - INFO - Login window displayed
2025-09-29 20:43:43,020 - GUI.app - INFO - User admin (ID: 1) logged in as admin
2025-09-29 20:43:43,026 - GUI.admin_window - INFO - Admin window initialized for user: admin
2025-09-29 20:43:43,096 - GUI.admin_window - INFO - Company tree refreshed
2025-09-29 20:43:43,098 - GUI.admin_window - INFO - Dropdowns refreshed
2025-09-29 20:43:43,100 - GUI.admin_window - INFO - Loaded 2 users
2025-09-29 20:43:43,114 - GUI.admin_window - INFO - Initial data loaded successfully
2025-09-29 20:43:43,129 - GUI.app - INFO - Admin window displayed for admin
2025-09-29 20:43:47,519 - GUI.app - INFO - Login window displayed
2025-09-29 20:43:53,259 - GUI.app - INFO - User test (ID: 2) logged in as user
2025-09-29 20:43:53,265 - GUI.standard_user_window - INFO - User window initialized for: test
2025-09-29 20:43:53,326 - GUI.app - INFO - User window displayed for test
2025-09-29 20:43:57,820 - GUI.standard_user_window - INFO - Loaded 10 serial numbers from XLSX
2025-09-29 20:43:57,823 - GUI.standard_user_window - INFO - Order 4321.1 loaded successfully
2025-09-29 20:44:15,808 - GUI.standard_user_window - ERROR - Failed to update XLSX file: [WinError 5] Access is denied: 'P:\\Label Tracking\\Quantronix\\12841\\lt_tmp_cm8ygwu2.xlsx' -> 'P:/Label Tracking/Quantronix/12841\\4321.1.xlsx'
Traceback (most recent call last):
  File "C:\Users\zmcmillan\projects\LabelTracker\GUI\standard_user_window.py", line 971, in update_xlsx_file
    os.replace(tmp_path, self.current_order_file)
    ~~~~~~~~~~^^^^^^^^^^^^^^^^^^^^^^^^^^^^^^^^^^^
PermissionError: [WinError 5] Access is denied: 'P:\\Label Tracking\\Quantronix\\12841\\lt_tmp_cm8ygwu2.xlsx' -> 'P:/Label Tracking/Quantronix/12841\\4321.1.xlsx'
2025-09-29 20:44:15,809 - GUI.standard_user_window - ERROR - Failed to submit SN: [WinError 5] Access is denied: 'P:\\Label Tracking\\Quantronix\\12841\\lt_tmp_cm8ygwu2.xlsx' -> 'P:/Label Tracking/Quantronix/12841\\4321.1.xlsx'
Traceback (most recent call last):
  File "C:\Users\zmcmillan\projects\LabelTracker\GUI\standard_user_window.py", line 896, in submit_sn
    self.update_xlsx_file(
    ~~~~~~~~~~~~~~~~~~~~~^
        serial_number=norm_sn,
        ^^^^^^^^^^^^^^^^^^^^^^
    ...<3 lines>...
        fix_explanation=fix_reason
        ^^^^^^^^^^^^^^^^^^^^^^^^^^
    )
    ^
  File "C:\Users\zmcmillan\projects\LabelTracker\GUI\standard_user_window.py", line 971, in update_xlsx_file
    os.replace(tmp_path, self.current_order_file)
    ~~~~~~~~~~^^^^^^^^^^^^^^^^^^^^^^^^^^^^^^^^^^^
PermissionError: [WinError 5] Access is denied: 'P:\\Label Tracking\\Quantronix\\12841\\lt_tmp_cm8ygwu2.xlsx' -> 'P:/Label Tracking/Quantronix/12841\\4321.1.xlsx'
2025-09-29 20:44:25,562 - GUI.standard_user_window - ERROR - Failed to update XLSX file: [WinError 5] Access is denied: 'P:\\Label Tracking\\Quantronix\\12841\\lt_tmp_z2xmw0zm.xlsx' -> 'P:/Label Tracking/Quantronix/12841\\4321.1.xlsx'
Traceback (most recent call last):
  File "C:\Users\zmcmillan\projects\LabelTracker\GUI\standard_user_window.py", line 971, in update_xlsx_file
    os.replace(tmp_path, self.current_order_file)
    ~~~~~~~~~~^^^^^^^^^^^^^^^^^^^^^^^^^^^^^^^^^^^
PermissionError: [WinError 5] Access is denied: 'P:\\Label Tracking\\Quantronix\\12841\\lt_tmp_z2xmw0zm.xlsx' -> 'P:/Label Tracking/Quantronix/12841\\4321.1.xlsx'
2025-09-29 20:44:25,562 - GUI.standard_user_window - ERROR - Failed to submit SN: [WinError 5] Access is denied: 'P:\\Label Tracking\\Quantronix\\12841\\lt_tmp_z2xmw0zm.xlsx' -> 'P:/Label Tracking/Quantronix/12841\\4321.1.xlsx'
Traceback (most recent call last):
  File "C:\Users\zmcmillan\projects\LabelTracker\GUI\standard_user_window.py", line 896, in submit_sn
    self.update_xlsx_file(
    ~~~~~~~~~~~~~~~~~~~~~^
        serial_number=norm_sn,
        ^^^^^^^^^^^^^^^^^^^^^^
    ...<3 lines>...
        fix_explanation=fix_reason
        ^^^^^^^^^^^^^^^^^^^^^^^^^^
    )
    ^
  File "C:\Users\zmcmillan\projects\LabelTracker\GUI\standard_user_window.py", line 971, in update_xlsx_file
    os.replace(tmp_path, self.current_order_file)
    ~~~~~~~~~~^^^^^^^^^^^^^^^^^^^^^^^^^^^^^^^^^^^
PermissionError: [WinError 5] Access is denied: 'P:\\Label Tracking\\Quantronix\\12841\\lt_tmp_z2xmw0zm.xlsx' -> 'P:/Label Tracking/Quantronix/12841\\4321.1.xlsx'
