2025-09-29 20:44:43,440 - utils.logger - INFO - Logging initialized. Log file: C:\Users\zmcmillan\projects\LabelTracker\logs\app_20250929_204443.log
2025-09-29 20:44:43,440 - utils.logger - INFO - Starting Label Tracker Application...
2025-09-29 20:44:43,452 - utils.logger - INFO - Database manager initialized
2025-09-29 20:44:43,452 - utils.logger - INFO - XLSX manager initialized
2025-09-29 20:44:43,467 - GUI.app - INFO - AppController initialized with backend managers
2025-09-29 20:44:43,832 - GUI.app - INFO - Login window displayed
2025-09-29 20:44:43,832 - utils.logger - INFO - Application controller started
2025-09-29 20:44:43,832 - GUI.app - INFO - Starting application event loop
2025-09-29 20:44:48,684 - GUI.app - INFO - User test (ID: 2) logged in as user
2025-09-29 20:44:48,689 - GUI.standard_user_window - INFO - User window initialized for: test
2025-09-29 20:44:48,758 - GUI.app - INFO - User window displayed for test
2025-09-29 20:44:53,276 - GUI.standard_user_window - INFO - Loaded 10 serial numbers from XLSX
2025-09-29 20:44:53,279 - GUI.standard_user_window - INFO - Order 4321.1 loaded successfully
2025-09-29 20:44:56,679 - GUI.standard_user_window - INFO - XLSX file updated for SN: QTX-4321.1-00001
2025-09-29 20:44:56,680 - GUI.standard_user_window - INFO - SN QTX-4321.1-00001 submitted: Pass
2025-09-29 20:44:56,697 - GUI.standard_user_window - INFO - Loaded 10 serial numbers from XLSX
2025-09-29 20:45:05,125 - GUI.standard_user_window - INFO - XLSX file updated for SN: QTX-4321.1-00002
2025-09-29 20:45:05,126 - GUI.standard_user_window - INFO - SN QTX-4321.1-00002 submitted: Pass
2025-09-29 20:45:05,144 - GUI.standard_user_window - INFO - Loaded 10 serial numbers from XLSX
2025-09-29 20:45:14,974 - GUI.standard_user_window - INFO - XLSX file updated for SN: QTX-4321.1-00003
2025-09-29 20:45:14,975 - GUI.standard_user_window - INFO - SN QTX-4321.1-00003 submitted: Fail
2025-09-29 20:45:14,994 - GUI.standard_user_window - INFO - Loaded 10 serial numbers from XLSX
2025-09-29 20:45:34,300 - GUI.standard_user_window - INFO - XLSX file updated for SN: QTX-4321.1-00004
2025-09-29 20:45:34,301 - GUI.standard_user_window - INFO - SN QTX-4321.1-00004 submitted: Fail
2025-09-29 20:45:34,317 - GUI.standard_user_window - INFO - Loaded 10 serial numbers from XLSX
