2025-10-06 15:04:22,904 - utils.logger - INFO - Logging initialized. Log file: C:\Users\zmcmillan\projects\LabelTracker\logs\app_20251006_150422.log
2025-10-06 15:04:22,905 - utils.logger - INFO - Starting Label Tracker Application...
2025-10-06 15:04:22,913 - utils.logger - INFO - Database manager initialized
2025-10-06 15:04:22,913 - utils.logger - INFO - XLSX manager initialized
2025-10-06 15:04:22,927 - GUI.app - INFO - AppController initialized with backend managers
2025-10-06 15:04:23,283 - GUI.app - INFO - Login window displayed
2025-10-06 15:04:23,284 - utils.logger - INFO - Application controller started
2025-10-06 15:04:23,284 - GUI.app - INFO - Starting application event loop
2025-10-06 15:04:28,517 - GUI.app - INFO - User admin (ID: 1) logged in as admin
2025-10-06 15:04:28,522 - GUI.admin_window - INFO - Admin window initialized for user: admin
2025-10-06 15:04:28,612 - GUI.admin_window - INFO - Company tree refreshed
2025-10-06 15:04:28,616 - GUI.admin_window - INFO - Dropdowns refreshed
2025-10-06 15:04:28,618 - GUI.admin_window - INFO - Loaded 2 users
2025-10-06 15:04:28,637 - GUI.admin_window - ERROR - Failed to load orders: 'QTableWidgetItem' object has no attribute 'setStyleSheet'
Traceback (most recent call last):
  File "C:\Users\zmcmillan\projects\LabelTracker\GUI\admin_window.py", line 1738, in load_awaiting_confirmation_orders
    status_item.setStyleSheet("color: #aaa;")
    ^^^^^^^^^^^^^^^^^^^^^^^^^
AttributeError: 'QTableWidgetItem' object has no attribute 'setStyleSheet'
2025-10-06 15:04:28,639 - GUI.admin_window - INFO - Initial data loaded successfully
2025-10-06 15:04:28,662 - GUI.app - INFO - Admin window displayed for admin
2025-10-06 15:04:30,570 - GUI.admin_window - ERROR - Failed to load orders: 'QTableWidgetItem' object has no attribute 'setStyleSheet'
Traceback (most recent call last):
  File "C:\Users\zmcmillan\projects\LabelTracker\GUI\admin_window.py", line 1738, in load_awaiting_confirmation_orders
    status_item.setStyleSheet("color: #aaa;")
    ^^^^^^^^^^^^^^^^^^^^^^^^^
AttributeError: 'QTableWidgetItem' object has no attribute 'setStyleSheet'
